2025-03-02 15:45:02,789 - INFO - Elevating to Administrator privileges...
2025-03-02 15:45:04,055 - INFO - Starting Npcap setup process...
2025-03-02 15:45:04,055 - INFO - Npcap not detected.
2025-03-02 15:45:04,055 - INFO - Installing Npcap silently...
2025-03-02 15:45:04,097 - ERROR - Failed to install Npcap silently: Command '['npcap_installer.exe', '/S']' returned non-zero exit status 2.
Output: 
Stderr: 
2025-03-02 15:45:04,097 - INFO - Attempting non-silent Npcap installation...
2025-03-02 15:45:07,956 - ERROR - Non-silent Npcap installation also failed: Command '['npcap_installer.exe']' returned non-zero exit status 2.
2025-03-02 15:45:07,957 - WARNING - Npcap not installed. Network monitoring may fail.
2026-03-18 00:45:35,562 - INFO - Elevating to Administrator privileges...
2026-03-18 00:45:38,191 - INFO - Starting Npcap setup process...
2026-03-18 00:45:38,192 - INFO - Npcap not detected.
2026-03-18 00:45:38,192 - INFO - Installing Npcap silently...
2026-03-18 00:45:43,142 - ERROR - Failed to install Npcap silently: Command '['npcap_installer.exe', '/S']' returned non-zero exit status 2.
Output: 
Stderr: 
2026-03-18 00:45:43,142 - INFO - Attempting non-silent Npcap installation...
2026-03-18 00:46:33,233 - INFO - Npcap installed successfully (non-silent)
2026-03-18 00:46:33,233 - INFO - Npcap setup completed successfully
2026-03-18 00:48:54,384 - INFO - Elevating to Administrator privileges...
2026-03-18 00:48:57,093 - INFO - Starting Npcap setup process...
2026-03-18 00:48:57,094 - INFO - Npcap not detected.
2026-03-18 00:48:57,094 - INFO - Downloading Npcap installer...
2026-03-18 00:49:04,238 - INFO - Installing Npcap silently...
2026-03-18 00:49:07,985 - ERROR - Failed to install Npcap silently: Command '['npcap_installer.exe', '/S']' returned non-zero exit status 2.
Output: 
Stderr: 
2026-03-18 00:49:07,986 - INFO - Attempting non-silent Npcap installation...
2026-03-18 00:49:12,410 - ERROR - Non-silent Npcap installation also failed: Command '['npcap_installer.exe']' returned non-zero exit status 2.
2026-03-18 00:49:12,411 - WARNING - Npcap not installed. Network monitoring may fail.
